Using pre-set license
Built from '2020.3/staging' branch; Version is '2020.3.17f1 (a4537701e4ab) revision 10769271'; Using compiler version '192528614'; Build Type 'Release'
OS: 'Windows 10 Home Single Language; OS build 19042.1526; Version 2009; 64bit' Language: 'en' Physical Memory: 16295 MB
BatchMode: 1, IsHumanControllingUs: 0, StartBugReporterOnCrash: 0, Is64bit: 1, IsPro: 0

COMMAND LINE ARGUMENTS:
C:\Program Files\Unity\Hub\Editor\2020.3.17f1\Editor\Unity.exe
-adb2
-batchMode
-noUpm
-name
AssetImportWorker0
-projectPath
E:/unity/Github/Github Project 1
-logFile
Logs/AssetImportWorker0.log
-srvPort
1055
Successfully changed project path to: E:/unity/Github/Github Project 1
E:/unity/Github/Github Project 1
Using Asset Import Pipeline V2.
Refreshing native plugins compatible for Editor in 116.49 ms, found 2 plugins.
Preloading 0 native plugins for Editor in 0.00 ms.
Initialize engine version: 2020.3.17f1 (a4537701e4ab)
[Subsystems] Discovering subsystems at path C:/Program Files/Unity/Hub/Editor/2020.3.17f1/Editor/Data/Resources/UnitySubsystems
[Subsystems] Discovering subsystems at path E:/unity/Github/Github Project 1/Assets
GfxDevice: creating device client; threaded=0
Direct3D:
    Version:  Direct3D 11.0 [level 11.1]
    Renderer: AMD Radeon R7 M265 Series (ID=0x6604)
    Vendor:   
    VRAM:     4076 MB
    Driver:   27.20.14501.28009
Initialize mono
Mono path[0] = 'C:/Program Files/Unity/Hub/Editor/2020.3.17f1/Editor/Data/Managed'
Mono path[1] = 'C:/Program Files/Unity/Hub/Editor/2020.3.17f1/Editor/Data/MonoBleedingEdge/lib/mono/unityjit'
Mono config path = 'C:/Program Files/Unity/Hub/Editor/2020.3.17f1/Editor/Data/MonoBleedingEdge/etc'
Using monoOptions --debugger-agent=transport=dt_socket,embedding=1,server=y,suspend=n,address=127.0.0.1:56872
Begin MonoManager ReloadAssembly
Registering precompiled unity dll's ...
Register platform support module: C:/Program Files/Unity/Hub/Editor/2020.3.17f1/Editor/Data/PlaybackEngines/WebGLSupport/UnityEditor.WebGL.Extensions.dll
Register platform support module: C:/Program Files/Unity/Hub/Editor/2020.3.17f1/Editor/Data/PlaybackEngines/WindowsStandaloneSupport/UnityEditor.WindowsStandalone.Extensions.dll
Registered in 0.008777 seconds.
Native extension for WindowsStandalone target not found
Native extension for WebGL target not found
Refreshing native plugins compatible for Editor in 194.33 ms, found 2 plugins.
Preloading 0 native plugins for Editor in 0.00 ms.
Mono: successfully reloaded assembly
- Completed reload, in  4.821 seconds
Domain Reload Profiling:
	ReloadAssembly (4821ms)
		BeginReloadAssembly (290ms)
			ExecutionOrderSort (0ms)
			DisableScriptedObjects (0ms)
			BackupInstance (0ms)
			ReleaseScriptingObjects (0ms)
			CreateAndSetChildDomain (1ms)
		EndReloadAssembly (1124ms)
			LoadAssemblies (284ms)
			RebuildTransferFunctionScriptingTraits (0ms)
			SetupTypeCache (276ms)
			ReleaseScriptCaches (0ms)
			RebuildScriptCaches (61ms)
			SetupLoadedEditorAssemblies (638ms)
				LogAssemblyErrors (0ms)
				InitializePlatformSupportModulesInManaged (10ms)
				SetLoadedEditorAssemblies (0ms)
				RefreshPlugins (194ms)
				BeforeProcessingInitializeOnLoad (21ms)
				ProcessInitializeOnLoadAttributes (297ms)
				ProcessInitializeOnLoadMethodAttributes (115ms)
				AfterProcessingInitializeOnLoad (0ms)
				EditorAssembliesLoaded (0ms)
			ExecutionOrderSort2 (0ms)
			AwakeInstancesAfterBackupRestoration (0ms)
Platform modules already initialized, skipping
Registering precompiled user dll's ...
Registered in 0.009959 seconds.
Begin MonoManager ReloadAssembly
Native extension for WindowsStandalone target not found
Native extension for WebGL target not found
Refreshing native plugins compatible for Editor in 72.16 ms, found 2 plugins.
Preloading 0 native plugins for Editor in 0.00 ms.
Mono: successfully reloaded assembly
- Completed reload, in  3.201 seconds
Domain Reload Profiling:
	ReloadAssembly (3203ms)
		BeginReloadAssembly (478ms)
			ExecutionOrderSort (0ms)
			DisableScriptedObjects (41ms)
			BackupInstance (0ms)
			ReleaseScriptingObjects (0ms)
			CreateAndSetChildDomain (60ms)
		EndReloadAssembly (2415ms)
			LoadAssemblies (225ms)
			RebuildTransferFunctionScriptingTraits (0ms)
			SetupTypeCache (1140ms)
			ReleaseScriptCaches (1ms)
			RebuildScriptCaches (66ms)
			SetupLoadedEditorAssemblies (877ms)
				LogAssemblyErrors (0ms)
				InitializePlatformSupportModulesInManaged (7ms)
				SetLoadedEditorAssemblies (0ms)
				RefreshPlugins (72ms)
				BeforeProcessingInitializeOnLoad (116ms)
				ProcessInitializeOnLoadAttributes (659ms)
				ProcessInitializeOnLoadMethodAttributes (5ms)
				AfterProcessingInitializeOnLoad (18ms)
				EditorAssembliesLoaded (0ms)
			ExecutionOrderSort2 (0ms)
			AwakeInstancesAfterBackupRestoration (13ms)
Platform modules already initialized, skipping
========================================================================
Worker process is ready to serve import requests
Launched and connected shader compiler UnityShaderCompiler.exe after 0.17 seconds
Refreshing native plugins compatible for Editor in 0.64 ms, found 2 plugins.
Preloading 0 native plugins for Editor in 0.00 ms.
Unloading 2752 Unused Serialized files (Serialized files now loaded: 0)
System memory in use before: 124.4 MB.
System memory in use after: 124.6 MB.

Unloading 19 unused Assets to reduce memory usage. Loaded Objects now: 3188.
Total: 4.046300 ms (FindLiveObjects: 0.265000 ms CreateObjectMapping: 0.152300 ms MarkObjects: 3.529200 ms  DeleteObjects: 0.098400 ms)

AssetImportParameters requested are different than current active one (requested -> active):
  custom:framework-win-MediaFoundation: 216162199b28c13a410421893ffa2e32 -> 
  custom:video-decoder-ogg-theora: a1e56fd34408186e4bbccfd4996cb3dc -> 
  custom:container-muxer-webm: aa71ff27fc2769a1b78a27578f13a17b -> 
  custom:container-demuxer-webm: 4f35f7cbe854078d1ac9338744f61a02 -> 
  custom:container-demuxer-ogg: 62fdf1f143b41e24485cea50d1cbac27 -> 
  custom:video-encoder-webm-vp8: eb34c28f22e8b96e1ab97ce403110664 -> 
  custom:video-decoder-webm-vp8: 9c59270c3fd7afecdb556c50c9e8de78 -> 
  custom:audio-decoder-ogg-vorbis: bf7c407c2cedff20999df2af8eb42d56 -> 
  custom:audio-encoder-webm-vorbis: bf7c407c2cedff20999df2af8eb42d56 -> 
========================================================================
Received Import Request.
  path: Assets/Scripts/MenuUIHandler.cs
  artifactKey: Guid(b5fdfdf1c56785947bd9d5830598e09e) Importer(815301076,1909f56bfc062723c751e8b465ee728b)
Start importing Assets/Scripts/MenuUIHandler.cs using Guid(b5fdfdf1c56785947bd9d5830598e09e) Importer(815301076,1909f56bfc062723c751e8b465ee728b)  -> (artifact id: '65cde6f321ba226be7740e3fe361f8d9') in 0.048699 seconds 
  Import took 0.064384 seconds .

========================================================================
Received Prepare
Registering precompiled user dll's ...
Registered in 0.009234 seconds.
Begin MonoManager ReloadAssembly
Native extension for WindowsStandalone target not found
Native extension for WebGL target not found
Refreshing native plugins compatible for Editor in 0.62 ms, found 2 plugins.
Preloading 0 native plugins for Editor in 0.00 ms.
Mono: successfully reloaded assembly
- Completed reload, in  2.249 seconds
Domain Reload Profiling:
	ReloadAssembly (2250ms)
		BeginReloadAssembly (270ms)
			ExecutionOrderSort (0ms)
			DisableScriptedObjects (9ms)
			BackupInstance (0ms)
			ReleaseScriptingObjects (0ms)
			CreateAndSetChildDomain (62ms)
		EndReloadAssembly (1878ms)
			LoadAssemblies (236ms)
			RebuildTransferFunctionScriptingTraits (0ms)
			SetupTypeCache (458ms)
			ReleaseScriptCaches (2ms)
			RebuildScriptCaches (96ms)
			SetupLoadedEditorAssemblies (935ms)
				LogAssemblyErrors (0ms)
				InitializePlatformSupportModulesInManaged (11ms)
				SetLoadedEditorAssemblies (1ms)
				RefreshPlugins (1ms)
				BeforeProcessingInitializeOnLoad (163ms)
				ProcessInitializeOnLoadAttributes (735ms)
				ProcessInitializeOnLoadMethodAttributes (6ms)
				AfterProcessingInitializeOnLoad (17ms)
				EditorAssembliesLoaded (0ms)
			ExecutionOrderSort2 (0ms)
			AwakeInstancesAfterBackupRestoration (23ms)
Platform modules already initialized, skipping
Refreshing native plugins compatible for Editor in 0.93 ms, found 2 plugins.
Preloading 0 native plugins for Editor in 0.00 ms.
Unloading 2643 Unused Serialized files (Serialized files now loaded: 0)
System memory in use before: 117.3 MB.
System memory in use after: 117.5 MB.

Unloading 14 unused Assets to reduce memory usage. Loaded Objects now: 3190.
Total: 7.197700 ms (FindLiveObjects: 0.861400 ms CreateObjectMapping: 0.520900 ms MarkObjects: 5.759900 ms  DeleteObjects: 0.053300 ms)

AssetImportParameters requested are different than current active one (requested -> active):
  custom:framework-win-MediaFoundation: 216162199b28c13a410421893ffa2e32 -> 
  custom:video-decoder-ogg-theora: a1e56fd34408186e4bbccfd4996cb3dc -> 
  custom:container-muxer-webm: aa71ff27fc2769a1b78a27578f13a17b -> 
  custom:container-demuxer-webm: 4f35f7cbe854078d1ac9338744f61a02 -> 
  custom:container-demuxer-ogg: 62fdf1f143b41e24485cea50d1cbac27 -> 
  custom:video-encoder-webm-vp8: eb34c28f22e8b96e1ab97ce403110664 -> 
  custom:video-decoder-webm-vp8: 9c59270c3fd7afecdb556c50c9e8de78 -> 
  custom:audio-decoder-ogg-vorbis: bf7c407c2cedff20999df2af8eb42d56 -> 
  custom:audio-encoder-webm-vorbis: bf7c407c2cedff20999df2af8eb42d56 -> 
========================================================================
Received Import Request.
  Time since last request: 253.234708 seconds.
  path: Assets/Scripts/MenuUIHandler.cs
  artifactKey: Guid(b5fdfdf1c56785947bd9d5830598e09e) Importer(815301076,1909f56bfc062723c751e8b465ee728b)
Start importing Assets/Scripts/MenuUIHandler.cs using Guid(b5fdfdf1c56785947bd9d5830598e09e) Importer(815301076,1909f56bfc062723c751e8b465ee728b)  -> (artifact id: '1b7f58e4e87993800a9e357d6e0f9ad5') in 0.009514 seconds 
  Import took 0.016353 seconds .

========================================================================
Received Prepare
Registering precompiled user dll's ...
Registered in 0.580734 seconds.
Begin MonoManager ReloadAssembly
Native extension for WindowsStandalone target not found
Native extension for WebGL target not found
Refreshing native plugins compatible for Editor in 0.95 ms, found 2 plugins.
Preloading 0 native plugins for Editor in 0.00 ms.
Mono: successfully reloaded assembly
- Completed reload, in  2.974 seconds
Domain Reload Profiling:
	ReloadAssembly (2976ms)
		BeginReloadAssembly (400ms)
			ExecutionOrderSort (0ms)
			DisableScriptedObjects (39ms)
			BackupInstance (0ms)
			ReleaseScriptingObjects (0ms)
			CreateAndSetChildDomain (102ms)
		EndReloadAssembly (2436ms)
			LoadAssemblies (273ms)
			RebuildTransferFunctionScriptingTraits (0ms)
			SetupTypeCache (439ms)
			ReleaseScriptCaches (2ms)
			RebuildScriptCaches (60ms)
			SetupLoadedEditorAssemblies (1127ms)
				LogAssemblyErrors (0ms)
				InitializePlatformSupportModulesInManaged (8ms)
				SetLoadedEditorAssemblies (1ms)
				RefreshPlugins (1ms)
				BeforeProcessingInitializeOnLoad (142ms)
				ProcessInitializeOnLoadAttributes (954ms)
				ProcessInitializeOnLoadMethodAttributes (5ms)
				AfterProcessingInitializeOnLoad (17ms)
				EditorAssembliesLoaded (0ms)
			ExecutionOrderSort2 (0ms)
			AwakeInstancesAfterBackupRestoration (19ms)
Platform modules already initialized, skipping
Refreshing native plugins compatible for Editor in 1.01 ms, found 2 plugins.
Preloading 0 native plugins for Editor in 0.00 ms.
Unloading 2643 Unused Serialized files (Serialized files now loaded: 0)
System memory in use before: 115.8 MB.
System memory in use after: 116.1 MB.

Unloading 14 unused Assets to reduce memory usage. Loaded Objects now: 3192.
Total: 5.186700 ms (FindLiveObjects: 0.389000 ms CreateObjectMapping: 0.288200 ms MarkObjects: 4.478700 ms  DeleteObjects: 0.028800 ms)

AssetImportParameters requested are different than current active one (requested -> active):
  custom:framework-win-MediaFoundation: 216162199b28c13a410421893ffa2e32 -> 
  custom:video-decoder-ogg-theora: a1e56fd34408186e4bbccfd4996cb3dc -> 
  custom:container-muxer-webm: aa71ff27fc2769a1b78a27578f13a17b -> 
  custom:container-demuxer-webm: 4f35f7cbe854078d1ac9338744f61a02 -> 
  custom:container-demuxer-ogg: 62fdf1f143b41e24485cea50d1cbac27 -> 
  custom:video-encoder-webm-vp8: eb34c28f22e8b96e1ab97ce403110664 -> 
  custom:video-decoder-webm-vp8: 9c59270c3fd7afecdb556c50c9e8de78 -> 
  custom:audio-decoder-ogg-vorbis: bf7c407c2cedff20999df2af8eb42d56 -> 
  custom:audio-encoder-webm-vorbis: bf7c407c2cedff20999df2af8eb42d56 -> 
========================================================================
Received Prepare
Refreshing native plugins compatible for Editor in 5.98 ms, found 2 plugins.
Preloading 0 native plugins for Editor in 0.00 ms.
Unloading 12 Unused Serialized files (Serialized files now loaded: 0)
System memory in use before: 63.9 MB.
System memory in use after: 64.2 MB.

Unloading 12 unused Assets to reduce memory usage. Loaded Objects now: 3192.
Total: 4.205300 ms (FindLiveObjects: 0.304400 ms CreateObjectMapping: 0.119500 ms MarkObjects: 3.752500 ms  DeleteObjects: 0.027300 ms)

AssetImportParameters requested are different than current active one (requested -> active):
  custom:framework-win-MediaFoundation: 216162199b28c13a410421893ffa2e32 -> 
  custom:video-decoder-ogg-theora: a1e56fd34408186e4bbccfd4996cb3dc -> 
  custom:container-muxer-webm: aa71ff27fc2769a1b78a27578f13a17b -> 
  custom:container-demuxer-webm: 4f35f7cbe854078d1ac9338744f61a02 -> 
  custom:container-demuxer-ogg: 62fdf1f143b41e24485cea50d1cbac27 -> 
  custom:video-encoder-webm-vp8: eb34c28f22e8b96e1ab97ce403110664 -> 
  custom:video-decoder-webm-vp8: 9c59270c3fd7afecdb556c50c9e8de78 -> 
  custom:audio-decoder-ogg-vorbis: bf7c407c2cedff20999df2af8eb42d56 -> 
  custom:audio-encoder-webm-vorbis: bf7c407c2cedff20999df2af8eb42d56 -> 
========================================================================
Received Import Request.
  Time since last request: 74187.988836 seconds.
  path: Assets/Material/Base.mat
  artifactKey: Guid(8d2f2c95f80bc904ba139481e00e1481) Importer(815301076,1909f56bfc062723c751e8b465ee728b)
Start importing Assets/Material/Base.mat using Guid(8d2f2c95f80bc904ba139481e00e1481) Importer(815301076,1909f56bfc062723c751e8b465ee728b)  -> (artifact id: '058c896d69948a3720dc09bec3fb301e') in 3.330531 seconds 
  Import took 3.339366 seconds .

========================================================================
Received Import Request.
  Time since last request: 0.000375 seconds.
  path: Assets/Data/BoxResource.asset
  artifactKey: Guid(e33426cca62239f4f9d376e16e5ecb0c) Importer(815301076,1909f56bfc062723c751e8b465ee728b)
Start importing Assets/Data/BoxResource.asset using Guid(e33426cca62239f4f9d376e16e5ecb0c) Importer(815301076,1909f56bfc062723c751e8b465ee728b)  -> (artifact id: 'd781c0f90b3803ceca604dbaad5707aa') in 0.057055 seconds 
  Import took 0.067237 seconds .

========================================================================
Received Import Request.
  Time since last request: 6.165287 seconds.
  path: Assets/Textures/CheckboxButton.png
  artifactKey: Guid(8a52204f05b3c0d4eaa7ccabc5bb3970) Importer(815301076,1909f56bfc062723c751e8b465ee728b)
Start importing Assets/Textures/CheckboxButton.png using Guid(8a52204f05b3c0d4eaa7ccabc5bb3970) Importer(815301076,1909f56bfc062723c751e8b465ee728b)  -> (artifact id: 'ae88f7494a665bb80dc122955af0e4f5') in 0.383810 seconds 
  Import took 0.391125 seconds .

========================================================================
Received Import Request.
  Time since last request: 0.000426 seconds.
  path: Assets/Prefabs/UI/ColorButton.prefab
  artifactKey: Guid(550a8281bf235dd4e8407162745631ba) Importer(815301076,1909f56bfc062723c751e8b465ee728b)
Start importing Assets/Prefabs/UI/ColorButton.prefab using Guid(550a8281bf235dd4e8407162745631ba) Importer(815301076,1909f56bfc062723c751e8b465ee728b)  -> (artifact id: '45e51c96401ac5425c6e11231f5c14e3') in 0.110148 seconds 
  Import took 0.118699 seconds .

========================================================================
Received Prepare
Registering precompiled user dll's ...
Registered in 0.801922 seconds.
Begin MonoManager ReloadAssembly
Native extension for WindowsStandalone target not found
Native extension for WebGL target not found
Refreshing native plugins compatible for Editor in 0.59 ms, found 2 plugins.
Preloading 0 native plugins for Editor in 0.00 ms.
Mono: successfully reloaded assembly
- Completed reload, in  2.248 seconds
Domain Reload Profiling:
	ReloadAssembly (2248ms)
		BeginReloadAssembly (240ms)
			ExecutionOrderSort (0ms)
			DisableScriptedObjects (9ms)
			BackupInstance (0ms)
			ReleaseScriptingObjects (0ms)
			CreateAndSetChildDomain (72ms)
		EndReloadAssembly (1915ms)
			LoadAssemblies (156ms)
			RebuildTransferFunctionScriptingTraits (0ms)
			SetupTypeCache (431ms)
			ReleaseScriptCaches (2ms)
			RebuildScriptCaches (58ms)
			SetupLoadedEditorAssemblies (827ms)
				LogAssemblyErrors (0ms)
				InitializePlatformSupportModulesInManaged (7ms)
				SetLoadedEditorAssemblies (1ms)
				RefreshPlugins (1ms)
				BeforeProcessingInitializeOnLoad (150ms)
				ProcessInitializeOnLoadAttributes (648ms)
				ProcessInitializeOnLoadMethodAttributes (5ms)
				AfterProcessingInitializeOnLoad (16ms)
				EditorAssembliesLoaded (0ms)
			ExecutionOrderSort2 (0ms)
			AwakeInstancesAfterBackupRestoration (66ms)
Platform modules already initialized, skipping
Refreshing native plugins compatible for Editor in 0.65 ms, found 2 plugins.
Preloading 0 native plugins for Editor in 0.00 ms.
Unloading 2643 Unused Serialized files (Serialized files now loaded: 0)
System memory in use before: 121.3 MB.
System memory in use after: 121.6 MB.

Unloading 16 unused Assets to reduce memory usage. Loaded Objects now: 3275.
Total: 4.130400 ms (FindLiveObjects: 0.269900 ms CreateObjectMapping: 0.116800 ms MarkObjects: 3.704700 ms  DeleteObjects: 0.037600 ms)

AssetImportParameters requested are different than current active one (requested -> active):
  custom:framework-win-MediaFoundation: 216162199b28c13a410421893ffa2e32 -> 
  custom:video-decoder-ogg-theora: a1e56fd34408186e4bbccfd4996cb3dc -> 
  custom:container-muxer-webm: aa71ff27fc2769a1b78a27578f13a17b -> 
  custom:container-demuxer-webm: 4f35f7cbe854078d1ac9338744f61a02 -> 
  custom:container-demuxer-ogg: 62fdf1f143b41e24485cea50d1cbac27 -> 
  custom:video-encoder-webm-vp8: eb34c28f22e8b96e1ab97ce403110664 -> 
  custom:video-decoder-webm-vp8: 9c59270c3fd7afecdb556c50c9e8de78 -> 
  custom:audio-decoder-ogg-vorbis: bf7c407c2cedff20999df2af8eb42d56 -> 
  custom:audio-encoder-webm-vorbis: bf7c407c2cedff20999df2af8eb42d56 -> 
========================================================================
Received Prepare
Registering precompiled user dll's ...
Registered in 0.011767 seconds.
Begin MonoManager ReloadAssembly
Native extension for WindowsStandalone target not found
Native extension for WebGL target not found
Refreshing native plugins compatible for Editor in 0.65 ms, found 2 plugins.
Preloading 0 native plugins for Editor in 0.00 ms.
Mono: successfully reloaded assembly
- Completed reload, in  1.949 seconds
Domain Reload Profiling:
	ReloadAssembly (1950ms)
		BeginReloadAssembly (179ms)
			ExecutionOrderSort (0ms)
			DisableScriptedObjects (6ms)
			BackupInstance (0ms)
			ReleaseScriptingObjects (0ms)
			CreateAndSetChildDomain (51ms)
		EndReloadAssembly (1677ms)
			LoadAssemblies (160ms)
			RebuildTransferFunctionScriptingTraits (0ms)
			SetupTypeCache (428ms)
			ReleaseScriptCaches (1ms)
			RebuildScriptCaches (77ms)
			SetupLoadedEditorAssemblies (769ms)
				LogAssemblyErrors (0ms)
				InitializePlatformSupportModulesInManaged (11ms)
				SetLoadedEditorAssemblies (1ms)
				RefreshPlugins (1ms)
				BeforeProcessingInitializeOnLoad (143ms)
				ProcessInitializeOnLoadAttributes (593ms)
				ProcessInitializeOnLoadMethodAttributes (5ms)
				AfterProcessingInitializeOnLoad (16ms)
				EditorAssembliesLoaded (0ms)
			ExecutionOrderSort2 (0ms)
			AwakeInstancesAfterBackupRestoration (27ms)
Platform modules already initialized, skipping
Refreshing native plugins compatible for Editor in 0.57 ms, found 2 plugins.
Preloading 0 native plugins for Editor in 0.00 ms.
Unloading 2643 Unused Serialized files (Serialized files now loaded: 0)
System memory in use before: 121.4 MB.
System memory in use after: 121.6 MB.

Unloading 14 unused Assets to reduce memory usage. Loaded Objects now: 3277.
Total: 4.226800 ms (FindLiveObjects: 0.289000 ms CreateObjectMapping: 0.149600 ms MarkObjects: 3.762000 ms  DeleteObjects: 0.024800 ms)

AssetImportParameters requested are different than current active one (requested -> active):
  custom:framework-win-MediaFoundation: 216162199b28c13a410421893ffa2e32 -> 
  custom:video-decoder-ogg-theora: a1e56fd34408186e4bbccfd4996cb3dc -> 
  custom:container-muxer-webm: aa71ff27fc2769a1b78a27578f13a17b -> 
  custom:container-demuxer-webm: 4f35f7cbe854078d1ac9338744f61a02 -> 
  custom:container-demuxer-ogg: 62fdf1f143b41e24485cea50d1cbac27 -> 
  custom:video-encoder-webm-vp8: eb34c28f22e8b96e1ab97ce403110664 -> 
  custom:video-decoder-webm-vp8: 9c59270c3fd7afecdb556c50c9e8de78 -> 
  custom:audio-decoder-ogg-vorbis: bf7c407c2cedff20999df2af8eb42d56 -> 
  custom:audio-encoder-webm-vorbis: bf7c407c2cedff20999df2af8eb42d56 -> 
========================================================================
Received Prepare
Registering precompiled user dll's ...
Registered in 0.008442 seconds.
Begin MonoManager ReloadAssembly
Native extension for WindowsStandalone target not found
Native extension for WebGL target not found
Refreshing native plugins compatible for Editor in 0.68 ms, found 2 plugins.
Preloading 0 native plugins for Editor in 0.00 ms.
Mono: successfully reloaded assembly
- Completed reload, in  2.080 seconds
Domain Reload Profiling:
	ReloadAssembly (2081ms)
		BeginReloadAssembly (205ms)
			ExecutionOrderSort (0ms)
			DisableScriptedObjects (7ms)
			BackupInstance (0ms)
			ReleaseScriptingObjects (0ms)
			CreateAndSetChildDomain (71ms)
		EndReloadAssembly (1753ms)
			LoadAssemblies (158ms)
			RebuildTransferFunctionScriptingTraits (0ms)
			SetupTypeCache (483ms)
			ReleaseScriptCaches (2ms)
			RebuildScriptCaches (63ms)
			SetupLoadedEditorAssemblies (811ms)
				LogAssemblyErrors (0ms)
				InitializePlatformSupportModulesInManaged (8ms)
				SetLoadedEditorAssemblies (1ms)
				RefreshPlugins (1ms)
				BeforeProcessingInitializeOnLoad (154ms)
				ProcessInitializeOnLoadAttributes (626ms)
				ProcessInitializeOnLoadMethodAttributes (5ms)
				AfterProcessingInitializeOnLoad (16ms)
				EditorAssembliesLoaded (0ms)
			ExecutionOrderSort2 (0ms)
			AwakeInstancesAfterBackupRestoration (26ms)
Platform modules already initialized, skipping
Refreshing native plugins compatible for Editor in 0.92 ms, found 2 plugins.
Preloading 0 native plugins for Editor in 0.00 ms.
Unloading 2643 Unused Serialized files (Serialized files now loaded: 0)
System memory in use before: 121.5 MB.
System memory in use after: 121.7 MB.

Unloading 14 unused Assets to reduce memory usage. Loaded Objects now: 3279.
Total: 7.425400 ms (FindLiveObjects: 0.704900 ms CreateObjectMapping: 0.304200 ms MarkObjects: 6.345500 ms  DeleteObjects: 0.068500 ms)

AssetImportParameters requested are different than current active one (requested -> active):
  custom:framework-win-MediaFoundation: 216162199b28c13a410421893ffa2e32 -> 
  custom:video-decoder-ogg-theora: a1e56fd34408186e4bbccfd4996cb3dc -> 
  custom:container-muxer-webm: aa71ff27fc2769a1b78a27578f13a17b -> 
  custom:container-demuxer-webm: 4f35f7cbe854078d1ac9338744f61a02 -> 
  custom:container-demuxer-ogg: 62fdf1f143b41e24485cea50d1cbac27 -> 
  custom:video-encoder-webm-vp8: eb34c28f22e8b96e1ab97ce403110664 -> 
  custom:video-decoder-webm-vp8: 9c59270c3fd7afecdb556c50c9e8de78 -> 
  custom:audio-decoder-ogg-vorbis: bf7c407c2cedff20999df2af8eb42d56 -> 
  custom:audio-encoder-webm-vorbis: bf7c407c2cedff20999df2af8eb42d56 -> 
========================================================================
Received Prepare
Registering precompiled user dll's ...
Registered in 0.234970 seconds.
Begin MonoManager ReloadAssembly
Native extension for WindowsStandalone target not found
Native extension for WebGL target not found
Refreshing native plugins compatible for Editor in 1.01 ms, found 2 plugins.
Preloading 0 native plugins for Editor in 0.00 ms.
Mono: successfully reloaded assembly
- Completed reload, in  2.167 seconds
Domain Reload Profiling:
	ReloadAssembly (2168ms)
		BeginReloadAssembly (200ms)
			ExecutionOrderSort (0ms)
			DisableScriptedObjects (11ms)
			BackupInstance (0ms)
			ReleaseScriptingObjects (1ms)
			CreateAndSetChildDomain (57ms)
		EndReloadAssembly (1870ms)
			LoadAssemblies (154ms)
			RebuildTransferFunctionScriptingTraits (0ms)
			SetupTypeCache (433ms)
			ReleaseScriptCaches (1ms)
			RebuildScriptCaches (57ms)
			SetupLoadedEditorAssemblies (1000ms)
				LogAssemblyErrors (0ms)
				InitializePlatformSupportModulesInManaged (9ms)
				SetLoadedEditorAssemblies (1ms)
				RefreshPlugins (1ms)
				BeforeProcessingInitializeOnLoad (174ms)
				ProcessInitializeOnLoadAttributes (785ms)
				ProcessInitializeOnLoadMethodAttributes (7ms)
				AfterProcessingInitializeOnLoad (22ms)
				EditorAssembliesLoaded (0ms)
			ExecutionOrderSort2 (0ms)
			AwakeInstancesAfterBackupRestoration (37ms)
Platform modules already initialized, skipping
Refreshing native plugins compatible for Editor in 0.90 ms, found 2 plugins.
Preloading 0 native plugins for Editor in 0.00 ms.
Unloading 2643 Unused Serialized files (Serialized files now loaded: 0)
System memory in use before: 121.6 MB.
System memory in use after: 121.8 MB.

Unloading 14 unused Assets to reduce memory usage. Loaded Objects now: 3281.
Total: 5.983200 ms (FindLiveObjects: 0.713200 ms CreateObjectMapping: 0.281600 ms MarkObjects: 4.956400 ms  DeleteObjects: 0.029800 ms)

AssetImportParameters requested are different than current active one (requested -> active):
  custom:framework-win-MediaFoundation: 216162199b28c13a410421893ffa2e32 -> 
  custom:video-decoder-ogg-theora: a1e56fd34408186e4bbccfd4996cb3dc -> 
  custom:container-muxer-webm: aa71ff27fc2769a1b78a27578f13a17b -> 
  custom:container-demuxer-webm: 4f35f7cbe854078d1ac9338744f61a02 -> 
  custom:container-demuxer-ogg: 62fdf1f143b41e24485cea50d1cbac27 -> 
  custom:video-encoder-webm-vp8: eb34c28f22e8b96e1ab97ce403110664 -> 
  custom:video-decoder-webm-vp8: 9c59270c3fd7afecdb556c50c9e8de78 -> 
  custom:audio-decoder-ogg-vorbis: bf7c407c2cedff20999df2af8eb42d56 -> 
  custom:audio-encoder-webm-vorbis: bf7c407c2cedff20999df2af8eb42d56 -> 
========================================================================
Received Prepare
Registering precompiled user dll's ...
Registered in 0.006901 seconds.
Begin MonoManager ReloadAssembly
Native extension for WindowsStandalone target not found
Native extension for WebGL target not found
Refreshing native plugins compatible for Editor in 0.82 ms, found 2 plugins.
Preloading 0 native plugins for Editor in 0.00 ms.
Mono: successfully reloaded assembly
- Completed reload, in  3.269 seconds
Domain Reload Profiling:
	ReloadAssembly (3270ms)
		BeginReloadAssembly (308ms)
			ExecutionOrderSort (0ms)
			DisableScriptedObjects (13ms)
			BackupInstance (0ms)
			ReleaseScriptingObjects (0ms)
			CreateAndSetChildDomain (52ms)
		EndReloadAssembly (2769ms)
			LoadAssemblies (341ms)
			RebuildTransferFunctionScriptingTraits (0ms)
			SetupTypeCache (851ms)
			ReleaseScriptCaches (2ms)
			RebuildScriptCaches (99ms)
			SetupLoadedEditorAssemblies (1132ms)
				LogAssemblyErrors (0ms)
				InitializePlatformSupportModulesInManaged (12ms)
				SetLoadedEditorAssemblies (1ms)
				RefreshPlugins (1ms)
				BeforeProcessingInitializeOnLoad (266ms)
				ProcessInitializeOnLoadAttributes (820ms)
				ProcessInitializeOnLoadMethodAttributes (7ms)
				AfterProcessingInitializeOnLoad (23ms)
				EditorAssembliesLoaded (2ms)
			ExecutionOrderSort2 (0ms)
			AwakeInstancesAfterBackupRestoration (45ms)
Platform modules already initialized, skipping
Refreshing native plugins compatible for Editor in 0.80 ms, found 2 plugins.
Preloading 0 native plugins for Editor in 0.00 ms.
Unloading 2643 Unused Serialized files (Serialized files now loaded: 0)
System memory in use before: 121.6 MB.
System memory in use after: 121.8 MB.

Unloading 14 unused Assets to reduce memory usage. Loaded Objects now: 3283.
Total: 7.068300 ms (FindLiveObjects: 0.438400 ms CreateObjectMapping: 0.265500 ms MarkObjects: 6.335300 ms  DeleteObjects: 0.027300 ms)

AssetImportParameters requested are different than current active one (requested -> active):
  custom:framework-win-MediaFoundation: 216162199b28c13a410421893ffa2e32 -> 
  custom:video-decoder-ogg-theora: a1e56fd34408186e4bbccfd4996cb3dc -> 
  custom:container-muxer-webm: aa71ff27fc2769a1b78a27578f13a17b -> 
  custom:container-demuxer-webm: 4f35f7cbe854078d1ac9338744f61a02 -> 
  custom:container-demuxer-ogg: 62fdf1f143b41e24485cea50d1cbac27 -> 
  custom:video-encoder-webm-vp8: eb34c28f22e8b96e1ab97ce403110664 -> 
  custom:video-decoder-webm-vp8: 9c59270c3fd7afecdb556c50c9e8de78 -> 
  custom:audio-decoder-ogg-vorbis: bf7c407c2cedff20999df2af8eb42d56 -> 
  custom:audio-encoder-webm-vorbis: bf7c407c2cedff20999df2af8eb42d56 -> 
========================================================================
Received Import Request.
  Time since last request: 2071.461158 seconds.
  path: Assets/Prefabs/UI/ContentEntry.prefab
  artifactKey: Guid(6e98b5224d000d744997c6c881d15ee9) Importer(815301076,1909f56bfc062723c751e8b465ee728b)
Start importing Assets/Prefabs/UI/ContentEntry.prefab using Guid(6e98b5224d000d744997c6c881d15ee9) Importer(815301076,1909f56bfc062723c751e8b465ee728b)  -> (artifact id: 'b4100a989eee6b7345fe49a11689eb4c') in 0.097872 seconds 
  Import took 0.109392 seconds .

========================================================================
Received Import Request.
  Time since last request: 0.000478 seconds.
  path: Assets/Data/CylinderResource.asset
  artifactKey: Guid(4d05ee76fded8d8498e3f674935c4def) Importer(815301076,1909f56bfc062723c751e8b465ee728b)
Start importing Assets/Data/CylinderResource.asset using Guid(4d05ee76fded8d8498e3f674935c4def) Importer(815301076,1909f56bfc062723c751e8b465ee728b)  -> (artifact id: 'ed02bbda8a65fe1158615dd1d6c66ddf') in 0.008568 seconds 
  Import took 0.017836 seconds .

========================================================================
Received Import Request.
  Time since last request: 0.956293 seconds.
  path: Assets/Models/Decoration_Boxes_0.fbx
  artifactKey: Guid(c67527085079b0e4bae49f140891b5f6) Importer(815301076,1909f56bfc062723c751e8b465ee728b)
Start importing Assets/Models/Decoration_Boxes_0.fbx using Guid(c67527085079b0e4bae49f140891b5f6) Importer(815301076,1909f56bfc062723c751e8b465ee728b)  -> (artifact id: '288747e86f4a6c171ce7873b17a35c56') in 2.323713 seconds 
  Import took 2.334506 seconds .

========================================================================
Received Import Request.
  Time since last request: 0.988032 seconds.
  path: Assets/Models/DropPoint.fbx
  artifactKey: Guid(c5aa5070ecc894b41b2ffc0552aa423d) Importer(815301076,1909f56bfc062723c751e8b465ee728b)
Start importing Assets/Models/DropPoint.fbx using Guid(c5aa5070ecc894b41b2ffc0552aa423d) Importer(815301076,1909f56bfc062723c751e8b465ee728b)  -> (artifact id: '2712b3ec909e640f1f015a554d4b9661') in 0.112345 seconds 
  Import took 0.123860 seconds .

========================================================================
Received Import Request.
  Time since last request: 0.429654 seconds.
  path: Assets/Prefabs/Buildings/DropPoint Variant.prefab
  artifactKey: Guid(2c711c53ad47b83409ac3aa71ef70768) Importer(815301076,1909f56bfc062723c751e8b465ee728b)
Start importing Assets/Prefabs/Buildings/DropPoint Variant.prefab using Guid(2c711c53ad47b83409ac3aa71ef70768) Importer(815301076,1909f56bfc062723c751e8b465ee728b)  -> (artifact id: '9c16aab751ab2a6429dac8b7c444f89b') in 0.046215 seconds 
  Import took 0.052376 seconds .

========================================================================
Received Import Request.
  Time since last request: 0.846292 seconds.
  path: Assets/Models/Forklift.fbx
  artifactKey: Guid(dea5c46ca71356b4f982a5963079ed96) Importer(815301076,1909f56bfc062723c751e8b465ee728b)
Start importing Assets/Models/Forklift.fbx using Guid(dea5c46ca71356b4f982a5963079ed96) Importer(815301076,1909f56bfc062723c751e8b465ee728b)  -> (artifact id: '31f21812968e7a54385d6246f25d5ffc') in 0.098212 seconds 
  Import took 0.141550 seconds .

========================================================================
Received Import Request.
  Time since last request: 1.184656 seconds.
  path: Assets/Models/Hangar.fbx
  artifactKey: Guid(96f8402ad64f6864baee4099c68c7f24) Importer(815301076,1909f56bfc062723c751e8b465ee728b)
Start importing Assets/Models/Hangar.fbx using Guid(96f8402ad64f6864baee4099c68c7f24) Importer(815301076,1909f56bfc062723c751e8b465ee728b)  -> (artifact id: '3014a3ec65d09470f3fbdf3fc2f81148') in 0.413942 seconds 
  Import took 0.422261 seconds .

========================================================================
Received Import Request.
  Time since last request: 0.000410 seconds.
  path: Assets/Sprites/Icon_Money.png
  artifactKey: Guid(b42f1aab5038c1b4182a40be6cc0b232) Importer(815301076,1909f56bfc062723c751e8b465ee728b)
Start importing Assets/Sprites/Icon_Money.png using Guid(b42f1aab5038c1b4182a40be6cc0b232) Importer(815301076,1909f56bfc062723c751e8b465ee728b)  -> (artifact id: '1d983d07d5f54fe703a69108b7cb9c44') in 0.148682 seconds 
  Import took 0.244051 seconds .

========================================================================
Received Import Request.
  Time since last request: 0.045032 seconds.
  path: Assets/Sprites/Icon_Potion.png
  artifactKey: Guid(2bd8687e3aef89b4982a35d6fb664c89) Importer(815301076,1909f56bfc062723c751e8b465ee728b)
Start importing Assets/Sprites/Icon_Potion.png using Guid(2bd8687e3aef89b4982a35d6fb664c89) Importer(815301076,1909f56bfc062723c751e8b465ee728b)  -> (artifact id: '9b3f9b170957e7d7276cbfc84b05f53b') in 0.048140 seconds 
  Import took 0.057170 seconds .

========================================================================
Received Import Request.
  Time since last request: 0.126228 seconds.
  path: Assets/Animations/Randy@Idle.fbx
  artifactKey: Guid(8b273f7ab566d7440832e28f84f81e45) Importer(815301076,1909f56bfc062723c751e8b465ee728b)
Start importing Assets/Animations/Randy@Idle.fbx using Guid(8b273f7ab566d7440832e28f84f81e45) Importer(815301076,1909f56bfc062723c751e8b465ee728b)  -> (artifact id: 'f4db93a36815f4873f31843e3a7c7f91') in 0.555963 seconds 
  Import took 0.564309 seconds .

========================================================================
Received Import Request.
  Time since last request: 0.000394 seconds.
  path: Assets/Animations/Randy@Walk.fbx
  artifactKey: Guid(93b27a9ee1d3bfd43a9fdf8ff9fcd50d) Importer(815301076,1909f56bfc062723c751e8b465ee728b)
Start importing Assets/Animations/Randy@Walk.fbx using Guid(93b27a9ee1d3bfd43a9fdf8ff9fcd50d) Importer(815301076,1909f56bfc062723c751e8b465ee728b)  -> (artifact id: '25d3aa9e989cdceff2f5c0530324641a') in 0.230829 seconds 
  Import took 0.245677 seconds .

========================================================================
Received Import Request.
  Time since last request: 0.000405 seconds.
  path: Assets/Models/Worker.fbx
  artifactKey: Guid(3bff3e8b6628bea488b595c8ffe0e63e) Importer(815301076,1909f56bfc062723c751e8b465ee728b)
Start importing Assets/Models/Worker.fbx using Guid(3bff3e8b6628bea488b595c8ffe0e63e) Importer(815301076,1909f56bfc062723c751e8b465ee728b)  -> (artifact id: 'ab6896c3a7d39b98b98199f03f5f30e0') in 0.194593 seconds 
  Import took 0.203269 seconds .

========================================================================
Received Import Request.
  Time since last request: 0.000453 seconds.
  path: Assets/Prefabs/UI/Marker.prefab
  artifactKey: Guid(d9ab901c7fa373a4db0a71e500773730) Importer(815301076,1909f56bfc062723c751e8b465ee728b)
Start importing Assets/Prefabs/UI/Marker.prefab using Guid(d9ab901c7fa373a4db0a71e500773730) Importer(815301076,1909f56bfc062723c751e8b465ee728b)  -> (artifact id: '458efb893335b33c693584c3527313ae') in 0.057681 seconds 
  Import took 0.106496 seconds .

========================================================================
Received Import Request.
  Time since last request: 0.000504 seconds.
  path: Assets/Animations/Randy@Walk.fbx
  artifactKey: Guid(93b27a9ee1d3bfd43a9fdf8ff9fcd50d) Importer(815301076,1909f56bfc062723c751e8b465ee728b)
Start importing Assets/Animations/Randy@Walk.fbx using Guid(93b27a9ee1d3bfd43a9fdf8ff9fcd50d) Importer(815301076,1909f56bfc062723c751e8b465ee728b)  -> (artifact id: '25d3aa9e989cdceff2f5c0530324641a') in 0.087421 seconds 
  Import took 0.096508 seconds .

========================================================================
Received Import Request.
  Time since last request: 0.548040 seconds.
  path: Assets/Optimization/Prefabs/OptimUnit.prefab
  artifactKey: Guid(2a756555c9ece84409c7ee09b60b0732) Importer(815301076,1909f56bfc062723c751e8b465ee728b)
Start importing Assets/Optimization/Prefabs/OptimUnit.prefab using Guid(2a756555c9ece84409c7ee09b60b0732) Importer(815301076,1909f56bfc062723c751e8b465ee728b)  -> (artifact id: 'a110a7f25fce564c5798a0d8ad8a2976') in 0.037626 seconds 
  Import took 0.057759 seconds .

========================================================================
Received Import Request.
  Time since last request: 0.014708 seconds.
  path: Assets/Optimization/Prefabs/OptimUnit.prefab
  artifactKey: Guid(2a756555c9ece84409c7ee09b60b0732) Importer(815301076,1909f56bfc062723c751e8b465ee728b)
Start importing Assets/Optimization/Prefabs/OptimUnit.prefab using Guid(2a756555c9ece84409c7ee09b60b0732) Importer(815301076,1909f56bfc062723c751e8b465ee728b)  -> (artifact id: 'a110a7f25fce564c5798a0d8ad8a2976') in 0.137573 seconds 
  Import took 0.430039 seconds .

========================================================================
Received Import Request.
  Time since last request: 0.680372 seconds.
  path: Assets/Prefabs/ProductivityUnit.prefab
  artifactKey: Guid(16dd4f9b087d73f4096a0216d9dab6ab) Importer(815301076,1909f56bfc062723c751e8b465ee728b)
Start importing Assets/Prefabs/ProductivityUnit.prefab using Guid(16dd4f9b087d73f4096a0216d9dab6ab) Importer(815301076,1909f56bfc062723c751e8b465ee728b)  -> (artifact id: 'c8574480089ff56fa7ccb97367f3dfbf') in 0.407040 seconds 
  Import took 0.447020 seconds .

========================================================================
Received Import Request.
  Time since last request: 0.000459 seconds.
  path: Assets/Prefabs/Environment/Rack Variant.prefab
  artifactKey: Guid(79d7c88d232401041a7cf2c8adafb877) Importer(815301076,1909f56bfc062723c751e8b465ee728b)
Start importing Assets/Prefabs/Environment/Rack Variant.prefab using Guid(79d7c88d232401041a7cf2c8adafb877) Importer(815301076,1909f56bfc062723c751e8b465ee728b)  -> (artifact id: '9bac8b9b8e8d170f4297969b32c80e80') in 0.066717 seconds 
  Import took 0.079610 seconds .

========================================================================
Received Import Request.
  Time since last request: 0.000467 seconds.
  path: Assets/Material/Resource2.mat
  artifactKey: Guid(4956b8e934afb5b4e8d2a494e6d067af) Importer(815301076,1909f56bfc062723c751e8b465ee728b)
Start importing Assets/Material/Resource2.mat using Guid(4956b8e934afb5b4e8d2a494e6d067af) Importer(815301076,1909f56bfc062723c751e8b465ee728b)  -> (artifact id: '62a66283264e0bd52e52d8eb8db1b7ef') in 0.027548 seconds 
  Import took 0.036404 seconds .

========================================================================
Received Import Request.
  Time since last request: 0.000382 seconds.
  path: Assets/Material/Resource1.mat
  artifactKey: Guid(5270aeae373c7b14bab22e88c81a8a7b) Importer(815301076,1909f56bfc062723c751e8b465ee728b)
Start importing Assets/Material/Resource1.mat using Guid(5270aeae373c7b14bab22e88c81a8a7b) Importer(815301076,1909f56bfc062723c751e8b465ee728b)  -> (artifact id: '47e114c4433291299c8fa6800d751be0') in 0.054876 seconds 
  Import took 0.074178 seconds .

========================================================================
Received Import Request.
  Time since last request: 0.000697 seconds.
  path: Assets/Models/Rack.fbx
  artifactKey: Guid(2149f6b13653e5d4dac36b5fc5a51a88) Importer(815301076,1909f56bfc062723c751e8b465ee728b)
Start importing Assets/Models/Rack.fbx using Guid(2149f6b13653e5d4dac36b5fc5a51a88) Importer(815301076,1909f56bfc062723c751e8b465ee728b)  -> (artifact id: '37d3e90f0e3b134f4d4e795465cf512e') in 0.058683 seconds 
  Import took 0.091639 seconds .

========================================================================
Received Import Request.
  Time since last request: 0.114819 seconds.
  path: Assets/Models/Resources_0.fbx
  artifactKey: Guid(519bc0f85b74e2e4090da80b37dc48a8) Importer(815301076,1909f56bfc062723c751e8b465ee728b)
Start importing Assets/Models/Resources_0.fbx using Guid(519bc0f85b74e2e4090da80b37dc48a8) Importer(815301076,1909f56bfc062723c751e8b465ee728b)  -> (artifact id: '132bf5cb5ca4a9371b89b7752f6f4c5f') in 0.109585 seconds 
  Import took 0.120922 seconds .

========================================================================
Received Import Request.
  Time since last request: 0.000357 seconds.
  path: Assets/Models/Resources_1.fbx
  artifactKey: Guid(1b5fe13da16de1448b330ae923a13938) Importer(815301076,1909f56bfc062723c751e8b465ee728b)
Start importing Assets/Models/Resources_1.fbx using Guid(1b5fe13da16de1448b330ae923a13938) Importer(815301076,1909f56bfc062723c751e8b465ee728b)  -> (artifact id: '76d0ae93dbbd819edd02fd1d338a97a8') in 0.065488 seconds 
  Import took 0.074559 seconds .

========================================================================
Received Import Request.
  Time since last request: 0.004587 seconds.
  path: Assets/Models/Resources_1.fbx
  artifactKey: Guid(1b5fe13da16de1448b330ae923a13938) Importer(815301076,1909f56bfc062723c751e8b465ee728b)
Start importing Assets/Models/Resources_1.fbx using Guid(1b5fe13da16de1448b330ae923a13938) Importer(815301076,1909f56bfc062723c751e8b465ee728b)  -> (artifact id: '76d0ae93dbbd819edd02fd1d338a97a8') in 0.087414 seconds 
  Import took 0.095662 seconds .

========================================================================
Received Import Request.
  Time since last request: 0.915564 seconds.
  path: Assets/Models/Resources_Base.fbx
  artifactKey: Guid(cae151db58c0e964a912503fc7e8093a) Importer(815301076,1909f56bfc062723c751e8b465ee728b)
Start importing Assets/Models/Resources_Base.fbx using Guid(cae151db58c0e964a912503fc7e8093a) Importer(815301076,1909f56bfc062723c751e8b465ee728b)  -> (artifact id: '70449e32aae7c08e29691b6bf9a0fb4a') in 0.064164 seconds 
  Import took 0.071511 seconds .

========================================================================
Received Import Request.
  Time since last request: 0.000372 seconds.
  path: Assets/Prefabs/Buildings/ResourceType1.prefab
  artifactKey: Guid(ba025154ecd8a6140a4ca7d5eb0b4e01) Importer(815301076,1909f56bfc062723c751e8b465ee728b)
Start importing Assets/Prefabs/Buildings/ResourceType1.prefab using Guid(ba025154ecd8a6140a4ca7d5eb0b4e01) Importer(815301076,1909f56bfc062723c751e8b465ee728b)  -> (artifact id: 'acaa93a5553cd43b8dffad30cf56396f') in 0.022424 seconds 
  Import took 0.035002 seconds .

========================================================================
Received Import Request.
  Time since last request: 0.000367 seconds.
  path: Assets/Prefabs/Buildings/ResourceType2.prefab
  artifactKey: Guid(ddfb6a0cbb10de942bf5d6ccec5fca6a) Importer(815301076,1909f56bfc062723c751e8b465ee728b)
Start importing Assets/Prefabs/Buildings/ResourceType2.prefab using Guid(ddfb6a0cbb10de942bf5d6ccec5fca6a) Importer(815301076,1909f56bfc062723c751e8b465ee728b)  -> (artifact id: 'ec42f8eebe550bcfed740c08c79d3e7d') in 0.081680 seconds 
  Import took 0.091471 seconds .

========================================================================
Received Import Request.
  Time since last request: 0.000371 seconds.
  path: Assets/Data/ResourcesDatabase.asset
  artifactKey: Guid(eac40d5a11488c94dbf95ec31bbd2122) Importer(815301076,1909f56bfc062723c751e8b465ee728b)
Start importing Assets/Data/ResourcesDatabase.asset using Guid(eac40d5a11488c94dbf95ec31bbd2122) Importer(815301076,1909f56bfc062723c751e8b465ee728b)  -> (artifact id: '431b7b099be61c31cb2d3da797296ba9') in 0.011874 seconds 
  Import took 0.038179 seconds .

========================================================================
Received Import Request.
  Time since last request: 0.811327 seconds.
  path: Assets/Material/TheMaterial.mat
  artifactKey: Guid(f4c8a23267bd4fa429c38f0fd9924bdf) Importer(815301076,1909f56bfc062723c751e8b465ee728b)
Start importing Assets/Material/TheMaterial.mat using Guid(f4c8a23267bd4fa429c38f0fd9924bdf) Importer(815301076,1909f56bfc062723c751e8b465ee728b)  -> (artifact id: 'a4710f916cb3dbacedaa91607ad006f5') in 0.042243 seconds 
  Import took 0.052094 seconds .

========================================================================
Received Import Request.
  Time since last request: 0.000432 seconds.
  path: Assets/Textures/TheTexture.png
  artifactKey: Guid(1f2828574f3b8404fa4ebd85075637d7) Importer(815301076,1909f56bfc062723c751e8b465ee728b)
Start importing Assets/Textures/TheTexture.png using Guid(1f2828574f3b8404fa4ebd85075637d7) Importer(815301076,1909f56bfc062723c751e8b465ee728b)  -> (artifact id: '0cfd5ff8de9c886b9d3978806daa134f') in 0.022237 seconds 
  Import took 0.046461 seconds .

========================================================================
Received Import Request.
  Time since last request: 0.468562 seconds.
  path: Assets/Prefabs/TransporterUnit.prefab
  artifactKey: Guid(2a70994ccfb8c10458381d3fb3626547) Importer(815301076,1909f56bfc062723c751e8b465ee728b)
Start importing Assets/Prefabs/TransporterUnit.prefab using Guid(2a70994ccfb8c10458381d3fb3626547) Importer(815301076,1909f56bfc062723c751e8b465ee728b)  -> (artifact id: 'b35afed8f46c9e2fccce817c54d6fde7') in 0.051375 seconds 
  Import took 0.069785 seconds .

========================================================================
Received Import Request.
  Time since last request: 0.000377 seconds.
  path: Assets/Models/Truck.fbx
  artifactKey: Guid(d70a04ee80add1e4581e8e26f7b69bc0) Importer(815301076,1909f56bfc062723c751e8b465ee728b)
Start importing Assets/Models/Truck.fbx using Guid(d70a04ee80add1e4581e8e26f7b69bc0) Importer(815301076,1909f56bfc062723c751e8b465ee728b)  -> (artifact id: 'ffa3e0b036843b601b2b38e7e0d09269') in 0.038650 seconds 
  Import took 0.047659 seconds .

========================================================================
Received Prepare
Registering precompiled user dll's ...
Registered in 0.007322 seconds.
Begin MonoManager ReloadAssembly
Native extension for WindowsStandalone target not found
Native extension for WebGL target not found
Refreshing native plugins compatible for Editor in 21.90 ms, found 2 plugins.
Preloading 0 native plugins for Editor in 0.00 ms.
Mono: successfully reloaded assembly
- Completed reload, in  2.999 seconds
Domain Reload Profiling:
	ReloadAssembly (3000ms)
		BeginReloadAssembly (276ms)
			ExecutionOrderSort (0ms)
			DisableScriptedObjects (17ms)
			BackupInstance (0ms)
			ReleaseScriptingObjects (0ms)
			CreateAndSetChildDomain (93ms)
		EndReloadAssembly (2575ms)
			LoadAssemblies (341ms)
			RebuildTransferFunctionScriptingTraits (0ms)
			SetupTypeCache (686ms)
			ReleaseScriptCaches (2ms)
			RebuildScriptCaches (82ms)
			SetupLoadedEditorAssemblies (890ms)
				LogAssemblyErrors (0ms)
				InitializePlatformSupportModulesInManaged (13ms)
				SetLoadedEditorAssemblies (1ms)
				RefreshPlugins (22ms)
				BeforeProcessingInitializeOnLoad (178ms)
				ProcessInitializeOnLoadAttributes (648ms)
				ProcessInitializeOnLoadMethodAttributes (7ms)
				AfterProcessingInitializeOnLoad (19ms)
				EditorAssembliesLoaded (0ms)
			ExecutionOrderSort2 (0ms)
			AwakeInstancesAfterBackupRestoration (169ms)
Platform modules already initialized, skipping
Refreshing native plugins compatible for Editor in 0.85 ms, found 2 plugins.
Preloading 0 native plugins for Editor in 0.00 ms.
Unloading 2643 Unused Serialized files (Serialized files now loaded: 0)
System memory in use before: 135.7 MB.
System memory in use after: 135.9 MB.

Unloading 14 unused Assets to reduce memory usage. Loaded Objects now: 3329.
Total: 5.291100 ms (FindLiveObjects: 0.398100 ms CreateObjectMapping: 0.233400 ms MarkObjects: 4.626400 ms  DeleteObjects: 0.031600 ms)

AssetImportParameters requested are different than current active one (requested -> active):
  custom:framework-win-MediaFoundation: 216162199b28c13a410421893ffa2e32 -> 
  custom:video-decoder-ogg-theora: a1e56fd34408186e4bbccfd4996cb3dc -> 
  custom:container-muxer-webm: aa71ff27fc2769a1b78a27578f13a17b -> 
  custom:container-demuxer-webm: 4f35f7cbe854078d1ac9338744f61a02 -> 
  custom:container-demuxer-ogg: 62fdf1f143b41e24485cea50d1cbac27 -> 
  custom:video-encoder-webm-vp8: eb34c28f22e8b96e1ab97ce403110664 -> 
  custom:video-decoder-webm-vp8: 9c59270c3fd7afecdb556c50c9e8de78 -> 
  custom:audio-decoder-ogg-vorbis: bf7c407c2cedff20999df2af8eb42d56 -> 
  custom:audio-encoder-webm-vorbis: bf7c407c2cedff20999df2af8eb42d56 -> 
========================================================================
Received Import Request.
  Time since last request: 305.750312 seconds.
  path: Assets/Scenes/Main.unity
  artifactKey: Guid(49eb575efe7f42741b60381cc0e8b633) Importer(815301076,1909f56bfc062723c751e8b465ee728b)
Start importing Assets/Scenes/Main.unity using Guid(49eb575efe7f42741b60381cc0e8b633) Importer(815301076,1909f56bfc062723c751e8b465ee728b)  -> (artifact id: '8c4e645fe00654f64792a233eba7fc42') in 0.022403 seconds 
  Import took 0.031785 seconds .

========================================================================
Received Import Request.
  Time since last request: 1.893715 seconds.
  path: Assets/Scenes/Menu.unity
  artifactKey: Guid(ae666798a74d3a5488e0c0ec42a1265d) Importer(815301076,1909f56bfc062723c751e8b465ee728b)
Start importing Assets/Scenes/Menu.unity using Guid(ae666798a74d3a5488e0c0ec42a1265d) Importer(815301076,1909f56bfc062723c751e8b465ee728b)  -> (artifact id: 'c7798eee0cfd2d966cce038f07831634') in 0.008653 seconds 
  Import took 0.016084 seconds .

========================================================================
Received Import Request.
  Time since last request: 0.007157 seconds.
  path: Assets/Scenes/Menu.unity
  artifactKey: Guid(ae666798a74d3a5488e0c0ec42a1265d) Importer(815301076,1909f56bfc062723c751e8b465ee728b)
Start importing Assets/Scenes/Menu.unity using Guid(ae666798a74d3a5488e0c0ec42a1265d) Importer(815301076,1909f56bfc062723c751e8b465ee728b)  -> (artifact id: 'c7798eee0cfd2d966cce038f07831634') in 0.028792 seconds 
  Import took 0.041953 seconds .

========================================================================
Received Import Request.
  Time since last request: 67.711219 seconds.
  path: Assets/Scripts/UI/UIMainScene.cs
  artifactKey: Guid(2e89bb6e6749e044e9a9b103f0ad5bc5) Importer(815301076,1909f56bfc062723c751e8b465ee728b)
Start importing Assets/Scripts/UI/UIMainScene.cs using Guid(2e89bb6e6749e044e9a9b103f0ad5bc5) Importer(815301076,1909f56bfc062723c751e8b465ee728b)  -> (artifact id: 'dd2f52cb31c7316029a8e0a6830f6c7d') in 0.011967 seconds 
  Import took 0.023161 seconds .

========================================================================
Received Import Request.
  Time since last request: 0.047244 seconds.
  path: Assets/Scripts/UI/UIMainScene.cs
  artifactKey: Guid(2e89bb6e6749e044e9a9b103f0ad5bc5) Importer(815301076,1909f56bfc062723c751e8b465ee728b)
Start importing Assets/Scripts/UI/UIMainScene.cs using Guid(2e89bb6e6749e044e9a9b103f0ad5bc5) Importer(815301076,1909f56bfc062723c751e8b465ee728b)  -> (artifact id: 'dd2f52cb31c7316029a8e0a6830f6c7d') in 0.007804 seconds 
  Import took 0.022865 seconds .

========================================================================
Received Prepare
Registering precompiled user dll's ...
Registered in 0.015211 seconds.
Begin MonoManager ReloadAssembly
Native extension for WindowsStandalone target not found
Native extension for WebGL target not found
Refreshing native plugins compatible for Editor in 0.75 ms, found 2 plugins.
Preloading 0 native plugins for Editor in 0.00 ms.
Mono: successfully reloaded assembly
- Completed reload, in  2.476 seconds
Domain Reload Profiling:
	ReloadAssembly (2483ms)
		BeginReloadAssembly (301ms)
			ExecutionOrderSort (0ms)
			DisableScriptedObjects (32ms)
			BackupInstance (0ms)
			ReleaseScriptingObjects (0ms)
			CreateAndSetChildDomain (116ms)
		EndReloadAssembly (2076ms)
			LoadAssemblies (180ms)
			RebuildTransferFunctionScriptingTraits (0ms)
			SetupTypeCache (469ms)
			ReleaseScriptCaches (2ms)
			RebuildScriptCaches (60ms)
			SetupLoadedEditorAssemblies (1095ms)
				LogAssemblyErrors (0ms)
				InitializePlatformSupportModulesInManaged (10ms)
				SetLoadedEditorAssemblies (1ms)
				RefreshPlugins (1ms)
				BeforeProcessingInitializeOnLoad (249ms)
				ProcessInitializeOnLoadAttributes (803ms)
				ProcessInitializeOnLoadMethodAttributes (8ms)
				AfterProcessingInitializeOnLoad (23ms)
				EditorAssembliesLoaded (1ms)
			ExecutionOrderSort2 (0ms)
			AwakeInstancesAfterBackupRestoration (32ms)
Platform modules already initialized, skipping
Refreshing native plugins compatible for Editor in 0.95 ms, found 2 plugins.
Preloading 0 native plugins for Editor in 0.00 ms.
Unloading 2643 Unused Serialized files (Serialized files now loaded: 0)
System memory in use before: 135.7 MB.
System memory in use after: 135.9 MB.

Unloading 14 unused Assets to reduce memory usage. Loaded Objects now: 3331.
Total: 4.746200 ms (FindLiveObjects: 0.323200 ms CreateObjectMapping: 0.134400 ms MarkObjects: 4.221400 ms  DeleteObjects: 0.066200 ms)

AssetImportParameters requested are different than current active one (requested -> active):
  custom:framework-win-MediaFoundation: 216162199b28c13a410421893ffa2e32 -> 
  custom:video-decoder-ogg-theora: a1e56fd34408186e4bbccfd4996cb3dc -> 
  custom:container-muxer-webm: aa71ff27fc2769a1b78a27578f13a17b -> 
  custom:container-demuxer-webm: 4f35f7cbe854078d1ac9338744f61a02 -> 
  custom:container-demuxer-ogg: 62fdf1f143b41e24485cea50d1cbac27 -> 
  custom:video-encoder-webm-vp8: eb34c28f22e8b96e1ab97ce403110664 -> 
  custom:video-decoder-webm-vp8: 9c59270c3fd7afecdb556c50c9e8de78 -> 
  custom:audio-decoder-ogg-vorbis: bf7c407c2cedff20999df2af8eb42d56 -> 
  custom:audio-encoder-webm-vorbis: bf7c407c2cedff20999df2af8eb42d56 -> 
========================================================================
Received Import Request.
  Time since last request: 27380.607247 seconds.
  path: Assets/Scripts
  artifactKey: Guid(22d1a29814289d446a56f4e9b2493174) Importer(815301076,1909f56bfc062723c751e8b465ee728b)
Start importing Assets/Scripts using Guid(22d1a29814289d446a56f4e9b2493174) Importer(815301076,1909f56bfc062723c751e8b465ee728b)  -> (artifact id: 'df06449c0ad81fb5eda457b88620e2e7') in 0.018645 seconds 
  Import took 0.033836 seconds .

========================================================================
Received Import Request.
  Time since last request: 8.104214 seconds.
  path: Assets/Scripts/NewBehaviourScript.cs
  artifactKey: Guid(1b26f1f05fd13f44d937a577193d852a) Importer(815301076,1909f56bfc062723c751e8b465ee728b)
Start importing Assets/Scripts/NewBehaviourScript.cs using Guid(1b26f1f05fd13f44d937a577193d852a) Importer(815301076,1909f56bfc062723c751e8b465ee728b)  -> (artifact id: '1acc3568654a8b5aa84943192d264d44') in 0.005705 seconds 
  Import took 0.018421 seconds .

========================================================================
Received Prepare
Registering precompiled user dll's ...
Registered in 0.010090 seconds.
Begin MonoManager ReloadAssembly
Native extension for WindowsStandalone target not found
Native extension for WebGL target not found
Refreshing native plugins compatible for Editor in 0.57 ms, found 2 plugins.
Preloading 0 native plugins for Editor in 0.00 ms.
Mono: successfully reloaded assembly
- Completed reload, in  1.985 seconds
Domain Reload Profiling:
	ReloadAssembly (1986ms)
		BeginReloadAssembly (288ms)
			ExecutionOrderSort (0ms)
			DisableScriptedObjects (15ms)
			BackupInstance (0ms)
			ReleaseScriptingObjects (0ms)
			CreateAndSetChildDomain (78ms)
		EndReloadAssembly (1598ms)
			LoadAssemblies (212ms)
			RebuildTransferFunctionScriptingTraits (0ms)
			SetupTypeCache (529ms)
			ReleaseScriptCaches (1ms)
			RebuildScriptCaches (58ms)
			SetupLoadedEditorAssemblies (663ms)
				LogAssemblyErrors (0ms)
				InitializePlatformSupportModulesInManaged (8ms)
				SetLoadedEditorAssemblies (1ms)
				RefreshPlugins (1ms)
				BeforeProcessingInitializeOnLoad (152ms)
				ProcessInitializeOnLoadAttributes (478ms)
				ProcessInitializeOnLoadMethodAttributes (6ms)
				AfterProcessingInitializeOnLoad (18ms)
				EditorAssembliesLoaded (0ms)
			ExecutionOrderSort2 (0ms)
			AwakeInstancesAfterBackupRestoration (33ms)
Platform modules already initialized, skipping
Refreshing native plugins compatible for Editor in 0.65 ms, found 2 plugins.
Preloading 0 native plugins for Editor in 0.00 ms.
Unloading 2644 Unused Serialized files (Serialized files now loaded: 0)
System memory in use before: 135.8 MB.
System memory in use after: 136.0 MB.

Unloading 14 unused Assets to reduce memory usage. Loaded Objects now: 3334.
Total: 4.876700 ms (FindLiveObjects: 0.363600 ms CreateObjectMapping: 0.118500 ms MarkObjects: 4.357300 ms  DeleteObjects: 0.035900 ms)

AssetImportParameters requested are different than current active one (requested -> active):
  custom:framework-win-MediaFoundation: 216162199b28c13a410421893ffa2e32 -> 
  custom:video-decoder-ogg-theora: a1e56fd34408186e4bbccfd4996cb3dc -> 
  custom:container-muxer-webm: aa71ff27fc2769a1b78a27578f13a17b -> 
  custom:container-demuxer-webm: 4f35f7cbe854078d1ac9338744f61a02 -> 
  custom:container-demuxer-ogg: 62fdf1f143b41e24485cea50d1cbac27 -> 
  custom:video-encoder-webm-vp8: eb34c28f22e8b96e1ab97ce403110664 -> 
  custom:video-decoder-webm-vp8: 9c59270c3fd7afecdb556c50c9e8de78 -> 
  custom:audio-decoder-ogg-vorbis: bf7c407c2cedff20999df2af8eb42d56 -> 
  custom:audio-encoder-webm-vorbis: bf7c407c2cedff20999df2af8eb42d56 -> 
========================================================================
Received Prepare
Registering precompiled user dll's ...
Registered in 0.007785 seconds.
Begin MonoManager ReloadAssembly
Native extension for WindowsStandalone target not found
Native extension for WebGL target not found
Refreshing native plugins compatible for Editor in 0.62 ms, found 2 plugins.
Preloading 0 native plugins for Editor in 0.00 ms.
Mono: successfully reloaded assembly
- Completed reload, in  2.119 seconds
Domain Reload Profiling:
	ReloadAssembly (2120ms)
		BeginReloadAssembly (187ms)
			ExecutionOrderSort (0ms)
			DisableScriptedObjects (7ms)
			BackupInstance (0ms)
			ReleaseScriptingObjects (0ms)
			CreateAndSetChildDomain (53ms)
		EndReloadAssembly (1834ms)
			LoadAssemblies (153ms)
			RebuildTransferFunctionScriptingTraits (0ms)
			SetupTypeCache (542ms)
			ReleaseScriptCaches (2ms)
			RebuildScriptCaches (112ms)
			SetupLoadedEditorAssemblies (781ms)
				LogAssemblyErrors (0ms)
				InitializePlatformSupportModulesInManaged (11ms)
				SetLoadedEditorAssemblies (1ms)
				RefreshPlugins (1ms)
				BeforeProcessingInitializeOnLoad (171ms)
				ProcessInitializeOnLoadAttributes (576ms)
				ProcessInitializeOnLoadMethodAttributes (5ms)
				AfterProcessingInitializeOnLoad (17ms)
				EditorAssembliesLoaded (0ms)
			ExecutionOrderSort2 (0ms)
			AwakeInstancesAfterBackupRestoration (26ms)
Platform modules already initialized, skipping
Refreshing native plugins compatible for Editor in 0.61 ms, found 2 plugins.
Preloading 0 native plugins for Editor in 0.00 ms.
Unloading 2643 Unused Serialized files (Serialized files now loaded: 0)
System memory in use before: 135.8 MB.
System memory in use after: 136.0 MB.

Unloading 15 unused Assets to reduce memory usage. Loaded Objects now: 3335.
Total: 6.065500 ms (FindLiveObjects: 0.417300 ms CreateObjectMapping: 0.259000 ms MarkObjects: 5.357000 ms  DeleteObjects: 0.030400 ms)

AssetImportParameters requested are different than current active one (requested -> active):
  custom:framework-win-MediaFoundation: 216162199b28c13a410421893ffa2e32 -> 
  custom:video-decoder-ogg-theora: a1e56fd34408186e4bbccfd4996cb3dc -> 
  custom:container-muxer-webm: aa71ff27fc2769a1b78a27578f13a17b -> 
  custom:container-demuxer-webm: 4f35f7cbe854078d1ac9338744f61a02 -> 
  custom:container-demuxer-ogg: 62fdf1f143b41e24485cea50d1cbac27 -> 
  custom:video-encoder-webm-vp8: eb34c28f22e8b96e1ab97ce403110664 -> 
  custom:video-decoder-webm-vp8: 9c59270c3fd7afecdb556c50c9e8de78 -> 
  custom:audio-decoder-ogg-vorbis: bf7c407c2cedff20999df2af8eb42d56 -> 
  custom:audio-encoder-webm-vorbis: bf7c407c2cedff20999df2af8eb42d56 -> 
========================================================================
Received Import Request.
  Time since last request: 47.061865 seconds.
  path: Assets/Scripts/MainManager.cs
  artifactKey: Guid(c8755b03aa7f2544ab4013cd35f98708) Importer(815301076,1909f56bfc062723c751e8b465ee728b)
Start importing Assets/Scripts/MainManager.cs using Guid(c8755b03aa7f2544ab4013cd35f98708) Importer(815301076,1909f56bfc062723c751e8b465ee728b)  -> (artifact id: 'a4fb46437fbf6a76d0243dde9cb2a6b7') in 0.094558 seconds 
  Import took 0.151915 seconds .

========================================================================
Received Prepare
Registering precompiled user dll's ...
Registered in 0.009886 seconds.
Begin MonoManager ReloadAssembly
Native extension for WindowsStandalone target not found
Native extension for WebGL target not found
Refreshing native plugins compatible for Editor in 0.64 ms, found 2 plugins.
Preloading 0 native plugins for Editor in 0.00 ms.
Mono: successfully reloaded assembly
- Completed reload, in  1.871 seconds
Domain Reload Profiling:
	ReloadAssembly (1872ms)
		BeginReloadAssembly (250ms)
			ExecutionOrderSort (0ms)
			DisableScriptedObjects (6ms)
			BackupInstance (0ms)
			ReleaseScriptingObjects (0ms)
			CreateAndSetChildDomain (89ms)
		EndReloadAssembly (1473ms)
			LoadAssemblies (171ms)
			RebuildTransferFunctionScriptingTraits (0ms)
			SetupTypeCache (443ms)
			ReleaseScriptCaches (1ms)
			RebuildScriptCaches (67ms)
			SetupLoadedEditorAssemblies (583ms)
				LogAssemblyErrors (0ms)
				InitializePlatformSupportModulesInManaged (9ms)
				SetLoadedEditorAssemblies (1ms)
				RefreshPlugins (1ms)
				BeforeProcessingInitializeOnLoad (143ms)
				ProcessInitializeOnLoadAttributes (408ms)
				ProcessInitializeOnLoadMethodAttributes (4ms)
				AfterProcessingInitializeOnLoad (16ms)
				EditorAssembliesLoaded (0ms)
			ExecutionOrderSort2 (0ms)
			AwakeInstancesAfterBackupRestoration (28ms)
Platform modules already initialized, skipping
Refreshing native plugins compatible for Editor in 0.63 ms, found 2 plugins.
Preloading 0 native plugins for Editor in 0.00 ms.
Unloading 2644 Unused Serialized files (Serialized files now loaded: 0)
System memory in use before: 135.8 MB.
System memory in use after: 136.0 MB.

Unloading 14 unused Assets to reduce memory usage. Loaded Objects now: 3338.
Total: 4.764800 ms (FindLiveObjects: 0.311500 ms CreateObjectMapping: 0.114700 ms MarkObjects: 4.314000 ms  DeleteObjects: 0.023200 ms)

AssetImportParameters requested are different than current active one (requested -> active):
  custom:framework-win-MediaFoundation: 216162199b28c13a410421893ffa2e32 -> 
  custom:video-decoder-ogg-theora: a1e56fd34408186e4bbccfd4996cb3dc -> 
  custom:container-muxer-webm: aa71ff27fc2769a1b78a27578f13a17b -> 
  custom:container-demuxer-webm: 4f35f7cbe854078d1ac9338744f61a02 -> 
  custom:container-demuxer-ogg: 62fdf1f143b41e24485cea50d1cbac27 -> 
  custom:video-encoder-webm-vp8: eb34c28f22e8b96e1ab97ce403110664 -> 
  custom:video-decoder-webm-vp8: 9c59270c3fd7afecdb556c50c9e8de78 -> 
  custom:audio-decoder-ogg-vorbis: bf7c407c2cedff20999df2af8eb42d56 -> 
  custom:audio-encoder-webm-vorbis: bf7c407c2cedff20999df2af8eb42d56 -> 
========================================================================
Received Prepare
Registering precompiled user dll's ...
Registered in 0.009311 seconds.
Begin MonoManager ReloadAssembly
Native extension for WindowsStandalone target not found
Native extension for WebGL target not found
Refreshing native plugins compatible for Editor in 0.60 ms, found 2 plugins.
Preloading 0 native plugins for Editor in 0.00 ms.
Mono: successfully reloaded assembly
- Completed reload, in  2.114 seconds
Domain Reload Profiling:
	ReloadAssembly (2115ms)
		BeginReloadAssembly (248ms)
			ExecutionOrderSort (0ms)
			DisableScriptedObjects (10ms)
			BackupInstance (0ms)
			ReleaseScriptingObjects (0ms)
			CreateAndSetChildDomain (93ms)
		EndReloadAssembly (1754ms)
			LoadAssemblies (180ms)
			RebuildTransferFunctionScriptingTraits (0ms)
			SetupTypeCache (512ms)
			ReleaseScriptCaches (2ms)
			RebuildScriptCaches (64ms)
			SetupLoadedEditorAssemblies (781ms)
				LogAssemblyErrors (0ms)
				InitializePlatformSupportModulesInManaged (7ms)
				SetLoadedEditorAssemblies (1ms)
				RefreshPlugins (1ms)
				BeforeProcessingInitializeOnLoad (141ms)
				ProcessInitializeOnLoadAttributes (610ms)
				ProcessInitializeOnLoadMethodAttributes (5ms)
				AfterProcessingInitializeOnLoad (16ms)
				EditorAssembliesLoaded (0ms)
			ExecutionOrderSort2 (0ms)
			AwakeInstancesAfterBackupRestoration (28ms)
Platform modules already initialized, skipping
Refreshing native plugins compatible for Editor in 0.75 ms, found 2 plugins.
Preloading 0 native plugins for Editor in 0.00 ms.
Unloading 2644 Unused Serialized files (Serialized files now loaded: 0)
System memory in use before: 135.8 MB.
System memory in use after: 136.1 MB.

Unloading 14 unused Assets to reduce memory usage. Loaded Objects now: 3340.
Total: 6.327300 ms (FindLiveObjects: 0.289600 ms CreateObjectMapping: 0.134200 ms MarkObjects: 5.873100 ms  DeleteObjects: 0.028300 ms)

AssetImportParameters requested are different than current active one (requested -> active):
  custom:framework-win-MediaFoundation: 216162199b28c13a410421893ffa2e32 -> 
  custom:video-decoder-ogg-theora: a1e56fd34408186e4bbccfd4996cb3dc -> 
  custom:container-muxer-webm: aa71ff27fc2769a1b78a27578f13a17b -> 
  custom:container-demuxer-webm: 4f35f7cbe854078d1ac9338744f61a02 -> 
  custom:container-demuxer-ogg: 62fdf1f143b41e24485cea50d1cbac27 -> 
  custom:video-encoder-webm-vp8: eb34c28f22e8b96e1ab97ce403110664 -> 
  custom:video-decoder-webm-vp8: 9c59270c3fd7afecdb556c50c9e8de78 -> 
  custom:audio-decoder-ogg-vorbis: bf7c407c2cedff20999df2af8eb42d56 -> 
  custom:audio-encoder-webm-vorbis: bf7c407c2cedff20999df2af8eb42d56 -> 
========================================================================
Received Import Request.
  Time since last request: 597.802085 seconds.
  path: Assets/Scripts/MainManager.cs
  artifactKey: Guid(c8755b03aa7f2544ab4013cd35f98708) Importer(815301076,1909f56bfc062723c751e8b465ee728b)
Start importing Assets/Scripts/MainManager.cs using Guid(c8755b03aa7f2544ab4013cd35f98708) Importer(815301076,1909f56bfc062723c751e8b465ee728b)  -> (artifact id: '8bd291aeabc8660837cadc0d4d15fba5') in 0.027349 seconds 
  Import took 0.038196 seconds .

========================================================================
Received Prepare
Registering precompiled user dll's ...
Registered in 0.007973 seconds.
Begin MonoManager ReloadAssembly
Native extension for WindowsStandalone target not found
Native extension for WebGL target not found
Refreshing native plugins compatible for Editor in 0.66 ms, found 2 plugins.
Preloading 0 native plugins for Editor in 0.00 ms.
Mono: successfully reloaded assembly
- Completed reload, in  2.540 seconds
Domain Reload Profiling:
	ReloadAssembly (2541ms)
		BeginReloadAssembly (234ms)
			ExecutionOrderSort (0ms)
			DisableScriptedObjects (22ms)
			BackupInstance (0ms)
			ReleaseScriptingObjects (0ms)
			CreateAndSetChildDomain (65ms)
		EndReloadAssembly (2153ms)
			LoadAssemblies (199ms)
			RebuildTransferFunctionScriptingTraits (0ms)
			SetupTypeCache (581ms)
			ReleaseScriptCaches (2ms)
			RebuildScriptCaches (145ms)
			SetupLoadedEditorAssemblies (927ms)
				LogAssemblyErrors (0ms)
				InitializePlatformSupportModulesInManaged (8ms)
				SetLoadedEditorAssemblies (1ms)
				RefreshPlugins (1ms)
				BeforeProcessingInitializeOnLoad (181ms)
				ProcessInitializeOnLoadAttributes (681ms)
				ProcessInitializeOnLoadMethodAttributes (15ms)
				AfterProcessingInitializeOnLoad (40ms)
				EditorAssembliesLoaded (1ms)
			ExecutionOrderSort2 (0ms)
			AwakeInstancesAfterBackupRestoration (83ms)
Platform modules already initialized, skipping
Refreshing native plugins compatible for Editor in 1.26 ms, found 2 plugins.
Preloading 0 native plugins for Editor in 0.00 ms.
Unloading 2644 Unused Serialized files (Serialized files now loaded: 0)
System memory in use before: 135.9 MB.
System memory in use after: 136.1 MB.

Unloading 14 unused Assets to reduce memory usage. Loaded Objects now: 3342.
Total: 8.676100 ms (FindLiveObjects: 0.699100 ms CreateObjectMapping: 0.482000 ms MarkObjects: 7.459000 ms  DeleteObjects: 0.033300 ms)

AssetImportParameters requested are different than current active one (requested -> active):
  custom:framework-win-MediaFoundation: 216162199b28c13a410421893ffa2e32 -> 
  custom:video-decoder-ogg-theora: a1e56fd34408186e4bbccfd4996cb3dc -> 
  custom:container-muxer-webm: aa71ff27fc2769a1b78a27578f13a17b -> 
  custom:container-demuxer-webm: 4f35f7cbe854078d1ac9338744f61a02 -> 
  custom:container-demuxer-ogg: 62fdf1f143b41e24485cea50d1cbac27 -> 
  custom:video-encoder-webm-vp8: eb34c28f22e8b96e1ab97ce403110664 -> 
  custom:video-decoder-webm-vp8: 9c59270c3fd7afecdb556c50c9e8de78 -> 
  custom:audio-decoder-ogg-vorbis: bf7c407c2cedff20999df2af8eb42d56 -> 
  custom:audio-encoder-webm-vorbis: bf7c407c2cedff20999df2af8eb42d56 -> 
========================================================================
Received Prepare
Registering precompiled user dll's ...
Registered in 0.014056 seconds.
Begin MonoManager ReloadAssembly
Native extension for WindowsStandalone target not found
Native extension for WebGL target not found
Refreshing native plugins compatible for Editor in 0.97 ms, found 2 plugins.
Preloading 0 native plugins for Editor in 0.00 ms.
Mono: successfully reloaded assembly
- Completed reload, in  2.981 seconds
Domain Reload Profiling:
	ReloadAssembly (2982ms)
		BeginReloadAssembly (402ms)
			ExecutionOrderSort (0ms)
			DisableScriptedObjects (8ms)
			BackupInstance (0ms)
			ReleaseScriptingObjects (0ms)
			CreateAndSetChildDomain (69ms)
		EndReloadAssembly (2455ms)
			LoadAssemblies (376ms)
			RebuildTransferFunctionScriptingTraits (0ms)
			SetupTypeCache (614ms)
			ReleaseScriptCaches (9ms)
			RebuildScriptCaches (242ms)
			SetupLoadedEditorAssemblies (999ms)
				LogAssemblyErrors (0ms)
				InitializePlatformSupportModulesInManaged (10ms)
				SetLoadedEditorAssemblies (1ms)
				RefreshPlugins (1ms)
				BeforeProcessingInitializeOnLoad (266ms)
				ProcessInitializeOnLoadAttributes (693ms)
				ProcessInitializeOnLoadMethodAttributes (7ms)
				AfterProcessingInitializeOnLoad (21ms)
				EditorAssembliesLoaded (0ms)
			ExecutionOrderSort2 (0ms)
			AwakeInstancesAfterBackupRestoration (34ms)
Platform modules already initialized, skipping
Refreshing native plugins compatible for Editor in 0.70 ms, found 2 plugins.
Preloading 0 native plugins for Editor in 0.00 ms.
Unloading 2644 Unused Serialized files (Serialized files now loaded: 0)
System memory in use before: 136.0 MB.
System memory in use after: 136.2 MB.

Unloading 14 unused Assets to reduce memory usage. Loaded Objects now: 3344.
Total: 5.051900 ms (FindLiveObjects: 0.352000 ms CreateObjectMapping: 0.144300 ms MarkObjects: 4.517200 ms  DeleteObjects: 0.034300 ms)

AssetImportParameters requested are different than current active one (requested -> active):
  custom:framework-win-MediaFoundation: 216162199b28c13a410421893ffa2e32 -> 
  custom:video-decoder-ogg-theora: a1e56fd34408186e4bbccfd4996cb3dc -> 
  custom:container-muxer-webm: aa71ff27fc2769a1b78a27578f13a17b -> 
  custom:container-demuxer-webm: 4f35f7cbe854078d1ac9338744f61a02 -> 
  custom:container-demuxer-ogg: 62fdf1f143b41e24485cea50d1cbac27 -> 
  custom:video-encoder-webm-vp8: eb34c28f22e8b96e1ab97ce403110664 -> 
  custom:video-decoder-webm-vp8: 9c59270c3fd7afecdb556c50c9e8de78 -> 
  custom:audio-decoder-ogg-vorbis: bf7c407c2cedff20999df2af8eb42d56 -> 
  custom:audio-encoder-webm-vorbis: bf7c407c2cedff20999df2af8eb42d56 -> 
AssetImportWorkerClient::OnTransportError - code=2 error=End of file
